<?xml version="1.0" encoding="UTF-8"?>
<!-- Generated by org.testng.reporters.JUnitReportReporter -->
<testsuite hostname="DESKTOP-INSRMQM" failures="0" tests="1" name="org.test.Sample" time="0.015" errors="0" timestamp="2022-03-16T12:43:55 IST" skipped="0">
  <testcase classname="org.test.Sample" name="print" time="0.015"/>
  <system-out/>
</testsuite> <!-- org.test.Sample -->
